<?xml version="1.0" encoding="UTF-8"?>
<testng-results skipped="0" failed="0" total="1" passed="1">
  <reporter-output>
  </reporter-output>
  <suite name="Default suite" duration-ms="52212" started-at="2018-05-06T20:36:53Z" finished-at="2018-05-06T20:37:45Z">
    <groups>
    </groups>
    <test name="Default test" duration-ms="52212" started-at="2018-05-06T20:36:53Z" finished-at="2018-05-06T20:37:45Z">
      <class name="siege.RDP.DistributedTest">
        <test-method status="PASS" signature="SimpleRun()[pri:0, instance:siege.RDP.DistributedTest@4439f31e]" name="SimpleRun" duration-ms="52199" started-at="2018-05-06T22:36:53Z" finished-at="2018-05-06T22:37:45Z">
          <reporter-output>
          </reporter-output>
        </test-method> <!-- SimpleRun -->
      </class> <!-- siege.RDP.DistributedTest -->
    </test> <!-- Default test -->
  </suite> <!-- Default suite -->
</testng-results>
