<?xml version="1.0" encoding="UTF-8"?>
<testng-results skipped="0" failed="0" total="1" passed="1">
  <reporter-output>
  </reporter-output>
  <suite name="Default suite" duration-ms="1000" started-at="2018-05-13T12:21:21Z" finished-at="2018-05-13T12:21:22Z">
    <groups>
    </groups>
    <test name="Default test" duration-ms="1000" started-at="2018-05-13T12:21:21Z" finished-at="2018-05-13T12:21:22Z">
      <class name="siege.RDP.DistributedTest">
        <test-method status="PASS" signature="SimpleRun()[pri:0, instance:siege.RDP.DistributedTest@4439f31e]" name="SimpleRun" duration-ms="987" started-at="2018-05-13T14:21:21Z" finished-at="2018-05-13T14:21:22Z">
          <reporter-output>
          </reporter-output>
        </test-method> <!-- SimpleRun -->
      </class> <!-- siege.RDP.DistributedTest -->
    </test> <!-- Default test -->
  </suite> <!-- Default suite -->
</testng-results>
